2023-10-12 00:11:38.615  INFO 21480 --- [File Watcher] rtingClassPathChangeChangedEventListener : Restarting due to 15 class path changes (0 additions, 15 deletions, 0 modifications)
2023-10-12 00:11:40.006  INFO 21480 --- [Thread-7] o.apache.catalina.core.StandardService   : Stopping service [Tomcat]
2023-10-12 00:11:41.834  INFO 21480 --- [Thread-7] o.apache.catalina.core.StandardService   : Stopping service [Tomcat]
2023-10-12 00:11:41.861  INFO 21480 --- [Thread-7] j.LocalContainerEntityManagerFactoryBean : Closing JPA EntityManagerFactory for persistence unit 'default'
2023-10-12 00:11:41.864  INFO 21480 --- [Thread-7] com.zaxxer.hikari.HikariDataSource       : HikariPool-2 - Shutdown initiated...
2023-10-12 00:11:42.010  INFO 21480 --- [Thread-7] com.zaxxer.hikari.HikariDataSource       : HikariPool-2 - Shutdown completed.
2023-10-12 00:11:42.202  INFO 21480 --- [restartedMain] c.a.friendship.FriendshipApplication     : Starting FriendshipApplication using Java 11.0.10 on LAPTOP-3MM74KSI with PID 21480 (C:\Users\82105\Desktop\backend\membership\build\classes\java\main started by 82105 in C:\Users\82105\Desktop\backend)
2023-10-12 00:11:42.202  INFO 21480 --- [restartedMain] c.a.friendship.FriendshipApplication     : No active profile set, falling back to 1 default profile: "default"
2023-10-12 00:11:43.396  INFO 21480 --- [restartedMain] .s.d.r.c.RepositoryConfigurationDelegate : Multiple Spring Data modules found, entering strict repository configuration mode
2023-10-12 00:11:43.397  INFO 21480 --- [restartedMain] .s.d.r.c.RepositoryConfigurationDelegate : Bootstrapping Spring Data JPA repositories in DEFAULT mode.
2023-10-12 00:11:43.468  INFO 21480 --- [restartedMain] .RepositoryConfigurationExtensionSupport : Spring Data JPA - Could not safely identify store assignment for repository candidate interface com.aliens.db.auth.repository.FcmTokenRepository; If you want this repository to be a JPA repository, consider annotating your entities with one of these annotations: javax.persistence.Entity, javax.persistence.MappedSuperclass (preferred), or consider extending one of the following types with your repository: org.springframework.data.jpa.repository.JpaRepository
2023-10-12 00:11:43.474  INFO 21480 --- [restartedMain] .RepositoryConfigurationExtensionSupport : Spring Data JPA - Could not safely identify store assignment for repository candidate interface com.aliens.db.auth.repository.RefreshTokenRepository; If you want this repository to be a JPA repository, consider annotating your entities with one of these annotations: javax.persistence.Entity, javax.persistence.MappedSuperclass (preferred), or consider extending one of the following types with your repository: org.springframework.data.jpa.repository.JpaRepository
2023-10-12 00:11:43.671  INFO 21480 --- [restartedMain] .s.d.r.c.RepositoryConfigurationDelegate : Finished Spring Data repository scanning in 273 ms. Found 17 JPA repository interfaces.
2023-10-12 00:11:43.672  INFO 21480 --- [restartedMain] .s.d.r.c.RepositoryConfigurationDelegate : Multiple Spring Data modules found, entering strict repository configuration mode
2023-10-12 00:11:43.672  INFO 21480 --- [restartedMain] .s.d.r.c.RepositoryConfigurationDelegate : Bootstrapping Spring Data MongoDB repositories in DEFAULT mode.
2023-10-12 00:11:43.706  INFO 21480 --- [restartedMain] .RepositoryConfigurationExtensionSupport : Spring Data MongoDB - Could not safely identify store assignment for repository candidate interface com.aliens.db.applicant.repository.ApplicantRepository; If you want this repository to be a MongoDB repository, consider annotating your entities with one of these annotations: org.springframework.data.mongodb.core.mapping.Document (preferred), or consider extending one of the following types with your repository: org.springframework.data.mongodb.repository.MongoRepository
2023-10-12 00:11:43.709  INFO 21480 --- [restartedMain] .RepositoryConfigurationExtensionSupport : Spring Data MongoDB - Could not safely identify store assignment for repository candidate interface com.aliens.db.block.repository.BlockRepository; If you want this repository to be a MongoDB repository, consider annotating your entities with one of these annotations: org.springframework.data.mongodb.core.mapping.Document (preferred), or consider extending one of the following types with your repository: org.springframework.data.mongodb.repository.MongoRepository
2023-10-12 00:11:43.710  INFO 21480 --- [restartedMain] .RepositoryConfigurationExtensionSupport : Spring Data MongoDB - Could not safely identify store assignment for repository candidate interface com.aliens.db.chatting.repository.ChattingRoomRepository; If you want this repository to be a MongoDB repository, consider annotating your entities with one of these annotations: org.springframework.data.mongodb.core.mapping.Document (preferred), or consider extending one of the following types with your repository: org.springframework.data.mongodb.repository.MongoRepository
2023-10-12 00:11:43.711  INFO 21480 --- [restartedMain] .RepositoryConfigurationExtensionSupport : Spring Data MongoDB - Could not safely identify store assignment for repository candidate interface com.aliens.db.communityarticle.repository.CommunityArticleRepository; If you want this repository to be a MongoDB repository, consider annotating your entities with one of these annotations: org.springframework.data.mongodb.core.mapping.Document (preferred), or consider extending one of the following types with your repository: org.springframework.data.mongodb.repository.MongoRepository
2023-10-12 00:11:43.712  INFO 21480 --- [restartedMain] .RepositoryConfigurationExtensionSupport : Spring Data MongoDB - Could not safely identify store assignment for repository candidate interface com.aliens.db.communityarticlecomment.repository.CommunityArticleCommentRepository; If you want this repository to be a MongoDB repository, consider annotating your entities with one of these annotations: org.springframework.data.mongodb.core.mapping.Document (preferred), or consider extending one of the following types with your repository: org.springframework.data.mongodb.repository.MongoRepository
2023-10-12 00:11:43.712  INFO 21480 --- [restartedMain] .RepositoryConfigurationExtensionSupport : Spring Data MongoDB - Could not safely identify store assignment for repository candidate interface com.aliens.db.communityarticleimage.repository.CommunityArticleImageRepository; If you want this repository to be a MongoDB repository, consider annotating your entities with one of these annotations: org.springframework.data.mongodb.core.mapping.Document (preferred), or consider extending one of the following types with your repository: org.springframework.data.mongodb.repository.MongoRepository
2023-10-12 00:11:43.714  INFO 21480 --- [restartedMain] .RepositoryConfigurationExtensionSupport : Spring Data MongoDB - Could not safely identify store assignment for repository candidate interface com.aliens.db.communityarticlelike.repository.CommunityArticleLikeRepository; If you want this repository to be a MongoDB repository, consider annotating your entities with one of these annotations: org.springframework.data.mongodb.core.mapping.Document (preferred), or consider extending one of the following types with your repository: org.springframework.data.mongodb.repository.MongoRepository
2023-10-12 00:11:43.715  INFO 21480 --- [restartedMain] .RepositoryConfigurationExtensionSupport : Spring Data MongoDB - Could not safely identify store assignment for repository candidate interface com.aliens.db.emailauthentication.repository.EmailAuthenticationRepository; If you want this repository to be a MongoDB repository, consider annotating your entities with one of these annotations: org.springframework.data.mongodb.core.mapping.Document (preferred), or consider extending one of the following types with your repository: org.springframework.data.mongodb.repository.MongoRepository
2023-10-12 00:11:43.716  INFO 21480 --- [restartedMain] .RepositoryConfigurationExtensionSupport : Spring Data MongoDB - Could not safely identify store assignment for repository candidate interface com.aliens.db.marketarticle.repository.MarketArticleRepository; If you want this repository to be a MongoDB repository, consider annotating your entities with one of these annotations: org.springframework.data.mongodb.core.mapping.Document (preferred), or consider extending one of the following types with your repository: org.springframework.data.mongodb.repository.MongoRepository
2023-10-12 00:11:43.717  INFO 21480 --- [restartedMain] .RepositoryConfigurationExtensionSupport : Spring Data MongoDB - Could not safely identify store assignment for repository candidate interface com.aliens.db.marketarticlecomment.repository.MarketArticleCommentRepository; If you want this repository to be a MongoDB repository, consider annotating your entities with one of these annotations: org.springframework.data.mongodb.core.mapping.Document (preferred), or consider extending one of the following types with your repository: org.springframework.data.mongodb.repository.MongoRepository
2023-10-12 00:11:43.717  INFO 21480 --- [restartedMain] .RepositoryConfigurationExtensionSupport : Spring Data MongoDB - Could not safely identify store assignment for repository candidate interface com.aliens.db.marketbookmark.repository.MarketBookmarkRepository; If you want this repository to be a MongoDB repository, consider annotating your entities with one of these annotations: org.springframework.data.mongodb.core.mapping.Document (preferred), or consider extending one of the following types with your repository: org.springframework.data.mongodb.repository.MongoRepository
2023-10-12 00:11:43.718  INFO 21480 --- [restartedMain] .RepositoryConfigurationExtensionSupport : Spring Data MongoDB - Could not safely identify store assignment for repository candidate interface com.aliens.db.matching.repository.MatchRepository; If you want this repository to be a MongoDB repository, consider annotating your entities with one of these annotations: org.springframework.data.mongodb.core.mapping.Document (preferred), or consider extending one of the following types with your repository: org.springframework.data.mongodb.repository.MongoRepository
2023-10-12 00:11:43.718  INFO 21480 --- [restartedMain] .RepositoryConfigurationExtensionSupport : Spring Data MongoDB - Could not safely identify store assignment for repository candidate interface com.aliens.db.member.repository.MemberRepository; If you want this repository to be a MongoDB repository, consider annotating your entities with one of these annotations: org.springframework.data.mongodb.core.mapping.Document (preferred), or consider extending one of the following types with your repository: org.springframework.data.mongodb.repository.MongoRepository
2023-10-12 00:11:43.718  INFO 21480 --- [restartedMain] .RepositoryConfigurationExtensionSupport : Spring Data MongoDB - Could not safely identify store assignment for repository candidate interface com.aliens.db.notice.repository.NoticeRepository; If you want this repository to be a MongoDB repository, consider annotating your entities with one of these annotations: org.springframework.data.mongodb.core.mapping.Document (preferred), or consider extending one of the following types with your repository: org.springframework.data.mongodb.repository.MongoRepository
2023-10-12 00:11:43.719  INFO 21480 --- [restartedMain] .RepositoryConfigurationExtensionSupport : Spring Data MongoDB - Could not safely identify store assignment for repository candidate interface com.aliens.db.personalNotice.repository.PersonalNoticeRepository; If you want this repository to be a MongoDB repository, consider annotating your entities with one of these annotations: org.springframework.data.mongodb.core.mapping.Document (preferred), or consider extending one of the following types with your repository: org.springframework.data.mongodb.repository.MongoRepository
2023-10-12 00:11:43.719  INFO 21480 --- [restartedMain] .RepositoryConfigurationExtensionSupport : Spring Data MongoDB - Could not safely identify store assignment for repository candidate interface com.aliens.db.productimage.repsitory.ProductImageRepository; If you want this repository to be a MongoDB repository, consider annotating your entities with one of these annotations: org.springframework.data.mongodb.core.mapping.Document (preferred), or consider extending one of the following types with your repository: org.springframework.data.mongodb.repository.MongoRepository
2023-10-12 00:11:43.719  INFO 21480 --- [restartedMain] .RepositoryConfigurationExtensionSupport : Spring Data MongoDB - Could not safely identify store assignment for repository candidate interface com.aliens.db.report.repository.ReportRepository; If you want this repository to be a MongoDB repository, consider annotating your entities with one of these annotations: org.springframework.data.mongodb.core.mapping.Document (preferred), or consider extending one of the following types with your repository: org.springframework.data.mongodb.repository.MongoRepository
2023-10-12 00:11:43.758  INFO 21480 --- [restartedMain] .s.d.r.c.RepositoryConfigurationDelegate : Finished Spring Data repository scanning in 85 ms. Found 2 MongoDB repository interfaces.
2023-10-12 00:11:46.588  INFO 21480 --- [restartedMain] o.s.b.w.embedded.tomcat.TomcatWebServer  : Tomcat initialized with port(s): 8080 (http)
2023-10-12 00:11:46.591  INFO 21480 --- [restartedMain] o.apache.catalina.core.StandardService   : Starting service [Tomcat]
2023-10-12 00:11:46.591  INFO 21480 --- [restartedMain] org.apache.catalina.core.StandardEngine  : Starting Servlet engine: [Apache Tomcat/9.0.71]
2023-10-12 00:11:46.716  INFO 21480 --- [restartedMain] o.a.c.c.C.[Tomcat].[localhost].[/]       : Initializing Spring embedded WebApplicationContext
2023-10-12 00:11:46.716  INFO 21480 --- [restartedMain] w.s.c.ServletWebServerApplicationContext : Root WebApplicationContext: initialization completed in 4508 ms
2023-10-12 00:11:46.926  INFO 21480 --- [restartedMain] com.zaxxer.hikari.HikariDataSource       : HikariPool-3 - Starting...
2023-10-12 00:11:47.128  INFO 21480 --- [restartedMain] com.zaxxer.hikari.HikariDataSource       : HikariPool-3 - Start completed.
2023-10-12 00:11:47.228  INFO 21480 --- [restartedMain] o.hibernate.jpa.internal.util.LogHelper  : HHH000204: Processing PersistenceUnitInfo [name: default]
2023-10-12 00:11:47.301  INFO 21480 --- [restartedMain] org.hibernate.dialect.Dialect            : HHH000400: Using dialect: org.hibernate.dialect.MySQL8Dialect
2023-10-12 00:11:47.701  INFO 21480 --- [restartedMain] o.h.e.t.j.p.i.JtaPlatformInitiator       : HHH000490: Using JtaPlatform implementation: [org.hibernate.engine.transaction.jta.platform.internal.NoJtaPlatform]
2023-10-12 00:11:47.701  INFO 21480 --- [restartedMain] j.LocalContainerEntityManagerFactoryBean : Initialized JPA EntityManagerFactory for persistence unit 'default'
2023-10-12 00:11:47.881  INFO 21480 --- [restartedMain] org.mongodb.driver.client                : MongoClient with metadata {"driver": {"name": "mongo-java-driver|sync|spring-boot", "version": "4.6.1"}, "os": {"type": "Windows", "name": "Windows 10", "architecture": "amd64", "version": "10.0"}, "platform": "Java/Oracle Corporation/11.0.10+8-LTS-162"} created with settings MongoClientSettings{readPreference=primary, writeConcern=WriteConcern{w=null, wTimeout=null ms, journal=null}, retryWrites=true, retryReads=true, readConcern=ReadConcern{level=null}, credential=MongoCredential{mechanism=null, userName='4aliens', source='chatdb', password=<hidden>, mechanismProperties=<hidden>}, streamFactoryFactory=null, commandListeners=[io.micrometer.core.instrument.binder.mongodb.MongoMetricsCommandListener@4e7c0fab], codecRegistry=ProvidersCodecRegistry{codecProviders=[ValueCodecProvider{}, BsonValueCodecProvider{}, DBRefCodecProvider{}, DBObjectCodecProvider{}, DocumentCodecProvider{}, IterableCodecProvider{}, MapCodecProvider{}, GeoJsonCodecProvider{}, GridFSFileCodecProvider{}, Jsr310CodecProvider{}, JsonObjectCodecProvider{}, BsonCodecProvider{}, EnumCodecProvider{}, com.mongodb.Jep395RecordCodecProvider@1b7016fe]}, clusterSettings={hosts=[3.34.2.246:27017], srvServiceName=mongodb, mode=SINGLE, requiredClusterType=UNKNOWN, requiredReplicaSetName='null', serverSelector='null', clusterListeners='[]', serverSelectionTimeout='30000 ms', localThreshold='30000 ms'}, socketSettings=SocketSettings{connectTimeoutMS=10000, readTimeoutMS=0, receiveBufferSize=0, sendBufferSize=0}, heartbeatSocketSettings=SocketSettings{connectTimeoutMS=10000, readTimeoutMS=10000, receiveBufferSize=0, sendBufferSize=0}, connectionPoolSettings=ConnectionPoolSettings{maxSize=100, minSize=0, maxWaitTimeMS=120000, maxConnectionLifeTimeMS=0, maxConnectionIdleTimeMS=0, maintenanceInitialDelayMS=0, maintenanceFrequencyMS=60000, connectionPoolListeners=[io.micrometer.core.instrument.binder.mongodb.MongoMetricsConnectionPoolListener@20b9f055], maxConnecting=2}, serverSettings=ServerSettings{heartbeatFrequencyMS=10000, minHeartbeatFrequencyMS=500, serverListeners='[]', serverMonitorListeners='[]'}, sslSettings=SslSettings{enabled=false, invalidHostNameAllowed=false, context=null}, applicationName='null', compressorList=[], uuidRepresentation=JAVA_LEGACY, serverApi=null, autoEncryptionSettings=null, contextProvider=null}
2023-10-12 00:11:47.906  INFO 21480 --- [cluster-ClusterId{value='6526bb330c6d57305b591e0a', description='null'}-3.34.2.246:27017] org.mongodb.driver.connection            : Opened connection [connectionId{localValue:5, serverValue:6801}] to 3.34.2.246:27017
2023-10-12 00:11:47.910  INFO 21480 --- [cluster-rtt-ClusterId{value='6526bb330c6d57305b591e0a', description='null'}-3.34.2.246:27017] org.mongodb.driver.connection            : Opened connection [connectionId{localValue:6, serverValue:6802}] to 3.34.2.246:27017
2023-10-12 00:11:47.910  INFO 21480 --- [cluster-ClusterId{value='6526bb330c6d57305b591e0a', description='null'}-3.34.2.246:27017] org.mongodb.driver.cluster               : Monitor thread successfully connected to server with description ServerDescription{address=3.34.2.246:27017, type=STANDALONE, state=CONNECTED, ok=true, minWireVersion=0, maxWireVersion=17, maxDocumentSize=16777216, logicalSessionTimeoutMinutes=30, roundTripTimeNanos=12498500}
2023-10-12 00:11:47.985  INFO 21480 --- [restartedMain] o.s.b.d.a.OptionalLiveReloadServer       : LiveReload server is running on port 35729
2023-10-12 00:11:48.306  WARN 21480 --- [restartedMain] ConfigServletWebServerApplicationContext : Exception encountered during context initialization - cancelling refresh attempt: org.springframework.beans.factory.UnsatisfiedDependencyException: Error creating bean with name 'adminMemberController' defined in file [C:\Users\82105\Desktop\backend\membership\build\classes\java\main\com\aliens\friendship\domain\admin\AdminMemberController.class]: Unsatisfied dependency expressed through constructor parameter 4; nested exception is org.springframework.beans.factory.UnsatisfiedDependencyException: Error creating bean with name 'fcmService' defined in file [C:\Users\82105\Desktop\backend\membership\build\classes\java\main\com\aliens\friendship\domain\fcm\service\FcmService.class]: Unsatisfied dependency expressed through constructor parameter 0; nested exception is org.springframework.beans.factory.NoSuchBeanDefinitionException: No qualifying bean of type 'com.aliens.db.personalNotice.repository.PersonalNoticeRepository' available: expected at least 1 bean which qualifies as autowire candidate. Dependency annotations: {}
2023-10-12 00:11:48.310  INFO 21480 --- [restartedMain] j.LocalContainerEntityManagerFactoryBean : Closing JPA EntityManagerFactory for persistence unit 'default'
2023-10-12 00:11:48.310  INFO 21480 --- [restartedMain] com.zaxxer.hikari.HikariDataSource       : HikariPool-3 - Shutdown initiated...
2023-10-12 00:11:48.420  INFO 21480 --- [restartedMain] com.zaxxer.hikari.HikariDataSource       : HikariPool-3 - Shutdown completed.
2023-10-12 00:11:48.424  INFO 21480 --- [restartedMain] o.apache.catalina.core.StandardService   : Stopping service [Tomcat]
2023-10-12 00:11:48.454  INFO 21480 --- [restartedMain] ConditionEvaluationReportLoggingListener : 

Error starting ApplicationContext. To display the conditions report re-run your application with 'debug' enabled.
2023-10-12 00:11:48.519 ERROR 21480 --- [restartedMain] o.s.b.d.LoggingFailureAnalysisReporter   : 

***************************
APPLICATION FAILED TO START
***************************

Description:

Parameter 0 of constructor in com.aliens.friendship.domain.fcm.service.FcmService required a bean of type 'com.aliens.db.personalNotice.repository.PersonalNoticeRepository' that could not be found.


Action:

Consider defining a bean of type 'com.aliens.db.personalNotice.repository.PersonalNoticeRepository' in your configuration.

2023-10-12 00:11:50.440  INFO 21480 --- [restartedMain] c.a.friendship.FriendshipApplication     : Starting FriendshipApplication using Java 11.0.10 on LAPTOP-3MM74KSI with PID 21480 (C:\Users\82105\Desktop\backend\membership\build\classes\java\main started by 82105 in C:\Users\82105\Desktop\backend)
2023-10-12 00:11:50.440  INFO 21480 --- [restartedMain] c.a.friendship.FriendshipApplication     : No active profile set, falling back to 1 default profile: "default"
2023-10-12 00:11:51.610  INFO 21480 --- [restartedMain] .s.d.r.c.RepositoryConfigurationDelegate : Multiple Spring Data modules found, entering strict repository configuration mode
2023-10-12 00:11:51.611  INFO 21480 --- [restartedMain] .s.d.r.c.RepositoryConfigurationDelegate : Bootstrapping Spring Data JPA repositories in DEFAULT mode.
2023-10-12 00:11:51.666  INFO 21480 --- [restartedMain] .RepositoryConfigurationExtensionSupport : Spring Data JPA - Could not safely identify store assignment for repository candidate interface com.aliens.db.auth.repository.FcmTokenRepository; If you want this repository to be a JPA repository, consider annotating your entities with one of these annotations: javax.persistence.Entity, javax.persistence.MappedSuperclass (preferred), or consider extending one of the following types with your repository: org.springframework.data.jpa.repository.JpaRepository
2023-10-12 00:11:51.672  INFO 21480 --- [restartedMain] .RepositoryConfigurationExtensionSupport : Spring Data JPA - Could not safely identify store assignment for repository candidate interface com.aliens.db.auth.repository.RefreshTokenRepository; If you want this repository to be a JPA repository, consider annotating your entities with one of these annotations: javax.persistence.Entity, javax.persistence.MappedSuperclass (preferred), or consider extending one of the following types with your repository: org.springframework.data.jpa.repository.JpaRepository
2023-10-12 00:11:51.817  INFO 21480 --- [restartedMain] .s.d.r.c.RepositoryConfigurationDelegate : Finished Spring Data repository scanning in 205 ms. Found 17 JPA repository interfaces.
2023-10-12 00:11:51.817  INFO 21480 --- [restartedMain] .s.d.r.c.RepositoryConfigurationDelegate : Multiple Spring Data modules found, entering strict repository configuration mode
2023-10-12 00:11:51.817  INFO 21480 --- [restartedMain] .s.d.r.c.RepositoryConfigurationDelegate : Bootstrapping Spring Data MongoDB repositories in DEFAULT mode.
2023-10-12 00:11:51.842  INFO 21480 --- [restartedMain] .RepositoryConfigurationExtensionSupport : Spring Data MongoDB - Could not safely identify store assignment for repository candidate interface com.aliens.db.applicant.repository.ApplicantRepository; If you want this repository to be a MongoDB repository, consider annotating your entities with one of these annotations: org.springframework.data.mongodb.core.mapping.Document (preferred), or consider extending one of the following types with your repository: org.springframework.data.mongodb.repository.MongoRepository
2023-10-12 00:11:51.844  INFO 21480 --- [restartedMain] .RepositoryConfigurationExtensionSupport : Spring Data MongoDB - Could not safely identify store assignment for repository candidate interface com.aliens.db.block.repository.BlockRepository; If you want this repository to be a MongoDB repository, consider annotating your entities with one of these annotations: org.springframework.data.mongodb.core.mapping.Document (preferred), or consider extending one of the following types with your repository: org.springframework.data.mongodb.repository.MongoRepository
2023-10-12 00:11:51.844  INFO 21480 --- [restartedMain] .RepositoryConfigurationExtensionSupport : Spring Data MongoDB - Could not safely identify store assignment for repository candidate interface com.aliens.db.chatting.repository.ChattingRoomRepository; If you want this repository to be a MongoDB repository, consider annotating your entities with one of these annotations: org.springframework.data.mongodb.core.mapping.Document (preferred), or consider extending one of the following types with your repository: org.springframework.data.mongodb.repository.MongoRepository
2023-10-12 00:11:51.845  INFO 21480 --- [restartedMain] .RepositoryConfigurationExtensionSupport : Spring Data MongoDB - Could not safely identify store assignment for repository candidate interface com.aliens.db.communityarticle.repository.CommunityArticleRepository; If you want this repository to be a MongoDB repository, consider annotating your entities with one of these annotations: org.springframework.data.mongodb.core.mapping.Document (preferred), or consider extending one of the following types with your repository: org.springframework.data.mongodb.repository.MongoRepository
2023-10-12 00:11:51.845  INFO 21480 --- [restartedMain] .RepositoryConfigurationExtensionSupport : Spring Data MongoDB - Could not safely identify store assignment for repository candidate interface com.aliens.db.communityarticlecomment.repository.CommunityArticleCommentRepository; If you want this repository to be a MongoDB repository, consider annotating your entities with one of these annotations: org.springframework.data.mongodb.core.mapping.Document (preferred), or consider extending one of the following types with your repository: org.springframework.data.mongodb.repository.MongoRepository
2023-10-12 00:11:51.845  INFO 21480 --- [restartedMain] .RepositoryConfigurationExtensionSupport : Spring Data MongoDB - Could not safely identify store assignment for repository candidate interface com.aliens.db.communityarticleimage.repository.CommunityArticleImageRepository; If you want this repository to be a MongoDB repository, consider annotating your entities with one of these annotations: org.springframework.data.mongodb.core.mapping.Document (preferred), or consider extending one of the following types with your repository: org.springframework.data.mongodb.repository.MongoRepository
2023-10-12 00:11:51.845  INFO 21480 --- [restartedMain] .RepositoryConfigurationExtensionSupport : Spring Data MongoDB - Could not safely identify store assignment for repository candidate interface com.aliens.db.communityarticlelike.repository.CommunityArticleLikeRepository; If you want this repository to be a MongoDB repository, consider annotating your entities with one of these annotations: org.springframework.data.mongodb.core.mapping.Document (preferred), or consider extending one of the following types with your repository: org.springframework.data.mongodb.repository.MongoRepository
2023-10-12 00:11:51.846  INFO 21480 --- [restartedMain] .RepositoryConfigurationExtensionSupport : Spring Data MongoDB - Could not safely identify store assignment for repository candidate interface com.aliens.db.emailauthentication.repository.EmailAuthenticationRepository; If you want this repository to be a MongoDB repository, consider annotating your entities with one of these annotations: org.springframework.data.mongodb.core.mapping.Document (preferred), or consider extending one of the following types with your repository: org.springframework.data.mongodb.repository.MongoRepository
2023-10-12 00:11:51.846  INFO 21480 --- [restartedMain] .RepositoryConfigurationExtensionSupport : Spring Data MongoDB - Could not safely identify store assignment for repository candidate interface com.aliens.db.marketarticle.repository.MarketArticleRepository; If you want this repository to be a MongoDB repository, consider annotating your entities with one of these annotations: org.springframework.data.mongodb.core.mapping.Document (preferred), or consider extending one of the following types with your repository: org.springframework.data.mongodb.repository.MongoRepository
2023-10-12 00:11:51.846  INFO 21480 --- [restartedMain] .RepositoryConfigurationExtensionSupport : Spring Data MongoDB - Could not safely identify store assignment for repository candidate interface com.aliens.db.marketarticlecomment.repository.MarketArticleCommentRepository; If you want this repository to be a MongoDB repository, consider annotating your entities with one of these annotations: org.springframework.data.mongodb.core.mapping.Document (preferred), or consider extending one of the following types with your repository: org.springframework.data.mongodb.repository.MongoRepository
2023-10-12 00:11:51.847  INFO 21480 --- [restartedMain] .RepositoryConfigurationExtensionSupport : Spring Data MongoDB - Could not safely identify store assignment for repository candidate interface com.aliens.db.marketbookmark.repository.MarketBookmarkRepository; If you want this repository to be a MongoDB repository, consider annotating your entities with one of these annotations: org.springframework.data.mongodb.core.mapping.Document (preferred), or consider extending one of the following types with your repository: org.springframework.data.mongodb.repository.MongoRepository
2023-10-12 00:11:51.847  INFO 21480 --- [restartedMain] .RepositoryConfigurationExtensionSupport : Spring Data MongoDB - Could not safely identify store assignment for repository candidate interface com.aliens.db.matching.repository.MatchRepository; If you want this repository to be a MongoDB repository, consider annotating your entities with one of these annotations: org.springframework.data.mongodb.core.mapping.Document (preferred), or consider extending one of the following types with your repository: org.springframework.data.mongodb.repository.MongoRepository
2023-10-12 00:11:51.847  INFO 21480 --- [restartedMain] .RepositoryConfigurationExtensionSupport : Spring Data MongoDB - Could not safely identify store assignment for repository candidate interface com.aliens.db.member.repository.MemberRepository; If you want this repository to be a MongoDB repository, consider annotating your entities with one of these annotations: org.springframework.data.mongodb.core.mapping.Document (preferred), or consider extending one of the following types with your repository: org.springframework.data.mongodb.repository.MongoRepository
2023-10-12 00:11:51.847  INFO 21480 --- [restartedMain] .RepositoryConfigurationExtensionSupport : Spring Data MongoDB - Could not safely identify store assignment for repository candidate interface com.aliens.db.notice.repository.NoticeRepository; If you want this repository to be a MongoDB repository, consider annotating your entities with one of these annotations: org.springframework.data.mongodb.core.mapping.Document (preferred), or consider extending one of the following types with your repository: org.springframework.data.mongodb.repository.MongoRepository
2023-10-12 00:11:51.847  INFO 21480 --- [restartedMain] .RepositoryConfigurationExtensionSupport : Spring Data MongoDB - Could not safely identify store assignment for repository candidate interface com.aliens.db.personalNotice.repository.PersonalNoticeRepository; If you want this repository to be a MongoDB repository, consider annotating your entities with one of these annotations: org.springframework.data.mongodb.core.mapping.Document (preferred), or consider extending one of the following types with your repository: org.springframework.data.mongodb.repository.MongoRepository
2023-10-12 00:11:51.848  INFO 21480 --- [restartedMain] .RepositoryConfigurationExtensionSupport : Spring Data MongoDB - Could not safely identify store assignment for repository candidate interface com.aliens.db.productimage.repsitory.ProductImageRepository; If you want this repository to be a MongoDB repository, consider annotating your entities with one of these annotations: org.springframework.data.mongodb.core.mapping.Document (preferred), or consider extending one of the following types with your repository: org.springframework.data.mongodb.repository.MongoRepository
2023-10-12 00:11:51.848  INFO 21480 --- [restartedMain] .RepositoryConfigurationExtensionSupport : Spring Data MongoDB - Could not safely identify store assignment for repository candidate interface com.aliens.db.report.repository.ReportRepository; If you want this repository to be a MongoDB repository, consider annotating your entities with one of these annotations: org.springframework.data.mongodb.core.mapping.Document (preferred), or consider extending one of the following types with your repository: org.springframework.data.mongodb.repository.MongoRepository
2023-10-12 00:11:51.874  INFO 21480 --- [restartedMain] .s.d.r.c.RepositoryConfigurationDelegate : Finished Spring Data repository scanning in 56 ms. Found 2 MongoDB repository interfaces.
2023-10-12 00:11:52.492  INFO 21480 --- [restartedMain] o.s.b.w.embedded.tomcat.TomcatWebServer  : Tomcat initialized with port(s): 8080 (http)
2023-10-12 00:11:52.492  INFO 21480 --- [restartedMain] o.apache.catalina.core.StandardService   : Starting service [Tomcat]
2023-10-12 00:11:52.493  INFO 21480 --- [restartedMain] org.apache.catalina.core.StandardEngine  : Starting Servlet engine: [Apache Tomcat/9.0.71]
2023-10-12 00:11:52.579  INFO 21480 --- [restartedMain] o.a.c.c.C.[Tomcat-1].[localhost].[/]     : Initializing Spring embedded WebApplicationContext
2023-10-12 00:11:52.580  INFO 21480 --- [restartedMain] w.s.c.ServletWebServerApplicationContext : Root WebApplicationContext: initialization completed in 2135 ms
2023-10-12 00:11:52.807  INFO 21480 --- [restartedMain] o.hibernate.jpa.internal.util.LogHelper  : HHH000204: Processing PersistenceUnitInfo [name: default]
2023-10-12 00:11:52.842  INFO 21480 --- [restartedMain] com.zaxxer.hikari.HikariDataSource       : HikariPool-4 - Starting...
2023-10-12 00:11:52.870  INFO 21480 --- [restartedMain] com.zaxxer.hikari.HikariDataSource       : HikariPool-4 - Start completed.
2023-10-12 00:11:52.870  INFO 21480 --- [restartedMain] org.hibernate.dialect.Dialect            : HHH000400: Using dialect: org.hibernate.dialect.MySQL8Dialect
2023-10-12 00:11:53.572  INFO 21480 --- [restartedMain] p6spy                                    : #1697037113572 | took 58ms | statement | connection 8| url jdbc:mysql://localhost:3306/aliendb?useSSL=false&useUnicode=true&allowPublicKeyRetrieval=true
alter table applicant drop foreign key FKqeim8oq0mts87nbhi9i2umkg6
alter table applicant drop foreign key FKqeim8oq0mts87nbhi9i2umkg6;
2023-10-12 00:11:53.604  INFO 21480 --- [restartedMain] p6spy                                    : #1697037113604 | took 31ms | statement | connection 8| url jdbc:mysql://localhost:3306/aliendb?useSSL=false&useUnicode=true&allowPublicKeyRetrieval=true
alter table authority drop foreign key FKa17if8755crmkcpbjstk5hfml
alter table authority drop foreign key FKa17if8755crmkcpbjstk5hfml;
2023-10-12 00:11:53.632  INFO 21480 --- [restartedMain] p6spy                                    : #1697037113632 | took 27ms | statement | connection 8| url jdbc:mysql://localhost:3306/aliendb?useSSL=false&useUnicode=true&allowPublicKeyRetrieval=true
alter table block drop foreign key FKhgk67d5tiu0ksjnvkrbp9hksg
alter table block drop foreign key FKhgk67d5tiu0ksjnvkrbp9hksg;
2023-10-12 00:11:53.660  INFO 21480 --- [restartedMain] p6spy                                    : #1697037113660 | took 26ms | statement | connection 8| url jdbc:mysql://localhost:3306/aliendb?useSSL=false&useUnicode=true&allowPublicKeyRetrieval=true
alter table block drop foreign key FK7g57rvfjvw29l5fr9t2679603
alter table block drop foreign key FK7g57rvfjvw29l5fr9t2679603;
2023-10-12 00:11:53.694  INFO 21480 --- [restartedMain] p6spy                                    : #1697037113694 | took 33ms | statement | connection 8| url jdbc:mysql://localhost:3306/aliendb?useSSL=false&useUnicode=true&allowPublicKeyRetrieval=true
alter table matching drop foreign key FKa8odxy2of0rmi4tp57k3djmpu
alter table matching drop foreign key FKa8odxy2of0rmi4tp57k3djmpu;
2023-10-12 00:11:53.719  INFO 21480 --- [restartedMain] p6spy                                    : #1697037113719 | took 24ms | statement | connection 8| url jdbc:mysql://localhost:3306/aliendb?useSSL=false&useUnicode=true&allowPublicKeyRetrieval=true
alter table matching drop foreign key FK6e01niyjqyiv0d6kkxi0gsb50
alter table matching drop foreign key FK6e01niyjqyiv0d6kkxi0gsb50;
2023-10-12 00:11:53.758  INFO 21480 --- [restartedMain] p6spy                                    : #1697037113758 | took 38ms | statement | connection 8| url jdbc:mysql://localhost:3306/aliendb?useSSL=false&useUnicode=true&allowPublicKeyRetrieval=true
alter table matching drop foreign key FKaydhxqn19jhkcxegwyfy7gagj
alter table matching drop foreign key FKaydhxqn19jhkcxegwyfy7gagj;
2023-10-12 00:11:53.798  INFO 21480 --- [restartedMain] p6spy                                    : #1697037113798 | took 39ms | statement | connection 8| url jdbc:mysql://localhost:3306/aliendb?useSSL=false&useUnicode=true&allowPublicKeyRetrieval=true
alter table personal_notice drop foreign key FKk5ksptcucj6qwei7iwlp1d2n8
alter table personal_notice drop foreign key FKk5ksptcucj6qwei7iwlp1d2n8;
2023-10-12 00:11:53.839  INFO 21480 --- [restartedMain] p6spy                                    : #1697037113839 | took 39ms | statement | connection 8| url jdbc:mysql://localhost:3306/aliendb?useSSL=false&useUnicode=true&allowPublicKeyRetrieval=true
alter table personal_notice drop foreign key FKavh4uf7t35u4bomntcs5ae2ft
alter table personal_notice drop foreign key FKavh4uf7t35u4bomntcs5ae2ft;
2023-10-12 00:11:53.883  INFO 21480 --- [restartedMain] p6spy                                    : #1697037113883 | took 43ms | statement | connection 8| url jdbc:mysql://localhost:3306/aliendb?useSSL=false&useUnicode=true&allowPublicKeyRetrieval=true
alter table report drop foreign key FKc08f9xbecataichcof9fyet9o
alter table report drop foreign key FKc08f9xbecataichcof9fyet9o;
2023-10-12 00:11:53.928  INFO 21480 --- [restartedMain] p6spy                                    : #1697037113928 | took 45ms | statement | connection 8| url jdbc:mysql://localhost:3306/aliendb?useSSL=false&useUnicode=true&allowPublicKeyRetrieval=true
alter table report drop foreign key FKirtsfmah94wrah2xhia76s3qh
alter table report drop foreign key FKirtsfmah94wrah2xhia76s3qh;
2023-10-12 00:11:53.996  INFO 21480 --- [restartedMain] p6spy                                    : #1697037113996 | took 68ms | statement | connection 8| url jdbc:mysql://localhost:3306/aliendb?useSSL=false&useUnicode=true&allowPublicKeyRetrieval=true
drop table if exists applicant
drop table if exists applicant;
2023-10-12 00:11:54.116  INFO 21480 --- [restartedMain] p6spy                                    : #1697037114116 | took 118ms | statement | connection 8| url jdbc:mysql://localhost:3306/aliendb?useSSL=false&useUnicode=true&allowPublicKeyRetrieval=true
drop table if exists authority
drop table if exists authority;
2023-10-12 00:11:54.190  INFO 21480 --- [restartedMain] p6spy                                    : #1697037114190 | took 73ms | statement | connection 8| url jdbc:mysql://localhost:3306/aliendb?useSSL=false&useUnicode=true&allowPublicKeyRetrieval=true
drop table if exists block
drop table if exists block;
2023-10-12 00:11:54.247  INFO 21480 --- [restartedMain] p6spy                                    : #1697037114247 | took 57ms | statement | connection 8| url jdbc:mysql://localhost:3306/aliendb?useSSL=false&useUnicode=true&allowPublicKeyRetrieval=true
drop table if exists chattingroom
drop table if exists chattingroom;
2023-10-12 00:11:54.290  INFO 21480 --- [restartedMain] p6spy                                    : #1697037114290 | took 42ms | statement | connection 8| url jdbc:mysql://localhost:3306/aliendb?useSSL=false&useUnicode=true&allowPublicKeyRetrieval=true
drop table if exists email_authentication
drop table if exists email_authentication;
2023-10-12 00:11:54.328  INFO 21480 --- [restartedMain] p6spy                                    : #1697037114328 | took 37ms | statement | connection 8| url jdbc:mysql://localhost:3306/aliendb?useSSL=false&useUnicode=true&allowPublicKeyRetrieval=true
drop table if exists matching
drop table if exists matching;
2023-10-12 00:11:54.369  INFO 21480 --- [restartedMain] p6spy                                    : #1697037114369 | took 40ms | statement | connection 8| url jdbc:mysql://localhost:3306/aliendb?useSSL=false&useUnicode=true&allowPublicKeyRetrieval=true
drop table if exists personal_notice
drop table if exists personal_notice;
2023-10-12 00:11:54.409  INFO 21480 --- [restartedMain] p6spy                                    : #1697037114409 | took 40ms | statement | connection 8| url jdbc:mysql://localhost:3306/aliendb?useSSL=false&useUnicode=true&allowPublicKeyRetrieval=true
drop table if exists report
drop table if exists report;
2023-10-12 00:11:54.440  INFO 21480 --- [restartedMain] p6spy                                    : #1697037114440 | took 29ms | statement | connection 8| url jdbc:mysql://localhost:3306/aliendb?useSSL=false&useUnicode=true&allowPublicKeyRetrieval=true
alter table community_article_comment_entity drop foreign key FKq9lecfowa0ambqh2rujlyrq7r
alter table community_article_comment_entity drop foreign key FKq9lecfowa0ambqh2rujlyrq7r;
2023-10-12 00:11:54.471  INFO 21480 --- [restartedMain] p6spy                                    : #1697037114471 | took 29ms | statement | connection 8| url jdbc:mysql://localhost:3306/aliendb?useSSL=false&useUnicode=true&allowPublicKeyRetrieval=true
alter table community_article_comment_entity drop foreign key FK8wlows756cenl2iad5gotw7q7
alter table community_article_comment_entity drop foreign key FK8wlows756cenl2iad5gotw7q7;
2023-10-12 00:11:54.513  INFO 21480 --- [restartedMain] p6spy                                    : #1697037114513 | took 41ms | statement | connection 8| url jdbc:mysql://localhost:3306/aliendb?useSSL=false&useUnicode=true&allowPublicKeyRetrieval=true
alter table community_article_entity drop foreign key FKfwilok8nk4fnpa1ac9nu2a871
alter table community_article_entity drop foreign key FKfwilok8nk4fnpa1ac9nu2a871;
2023-10-12 00:11:54.534  INFO 21480 --- [restartedMain] p6spy                                    : #1697037114534 | took 20ms | statement | connection 8| url jdbc:mysql://localhost:3306/aliendb?useSSL=false&useUnicode=true&allowPublicKeyRetrieval=true
alter table community_article_image_entity drop foreign key FKndbpkv6i1jjytnxip3kt9qnnp
alter table community_article_image_entity drop foreign key FKndbpkv6i1jjytnxip3kt9qnnp;
2023-10-12 00:11:54.559  INFO 21480 --- [restartedMain] p6spy                                    : #1697037114559 | took 24ms | statement | connection 8| url jdbc:mysql://localhost:3306/aliendb?useSSL=false&useUnicode=true&allowPublicKeyRetrieval=true
alter table community_article_like_entity drop foreign key FKch6jqk7h5b01154xd6huds48b
alter table community_article_like_entity drop foreign key FKch6jqk7h5b01154xd6huds48b;
2023-10-12 00:11:54.582  INFO 21480 --- [restartedMain] p6spy                                    : #1697037114582 | took 22ms | statement | connection 8| url jdbc:mysql://localhost:3306/aliendb?useSSL=false&useUnicode=true&allowPublicKeyRetrieval=true
alter table community_article_like_entity drop foreign key FKbu2y4m89tpuvn2pgdammy3nac
alter table community_article_like_entity drop foreign key FKbu2y4m89tpuvn2pgdammy3nac;
2023-10-12 00:11:54.617  INFO 21480 --- [restartedMain] p6spy                                    : #1697037114617 | took 34ms | statement | connection 8| url jdbc:mysql://localhost:3306/aliendb?useSSL=false&useUnicode=true&allowPublicKeyRetrieval=true
alter table market_article_comment_entity drop foreign key FKaeo095l84dxhh39jtb0yipl5j
alter table market_article_comment_entity drop foreign key FKaeo095l84dxhh39jtb0yipl5j;
2023-10-12 00:11:54.649  INFO 21480 --- [restartedMain] p6spy                                    : #1697037114649 | took 31ms | statement | connection 8| url jdbc:mysql://localhost:3306/aliendb?useSSL=false&useUnicode=true&allowPublicKeyRetrieval=true
alter table market_article_comment_entity drop foreign key FKbuskggw9y9fikkln8xmvyrimu
alter table market_article_comment_entity drop foreign key FKbuskggw9y9fikkln8xmvyrimu;
2023-10-12 00:11:54.709  INFO 21480 --- [restartedMain] p6spy                                    : #1697037114709 | took 60ms | statement | connection 8| url jdbc:mysql://localhost:3306/aliendb?useSSL=false&useUnicode=true&allowPublicKeyRetrieval=true
alter table market_article_entity drop foreign key FK1c94h9so8ma8spoqwa1fp28f5
alter table market_article_entity drop foreign key FK1c94h9so8ma8spoqwa1fp28f5;
2023-10-12 00:11:54.748  INFO 21480 --- [restartedMain] p6spy                                    : #1697037114748 | took 37ms | statement | connection 8| url jdbc:mysql://localhost:3306/aliendb?useSSL=false&useUnicode=true&allowPublicKeyRetrieval=true
alter table market_bookmark_entity drop foreign key FK2reeuk6iv6rhgquea08lje9d8
alter table market_bookmark_entity drop foreign key FK2reeuk6iv6rhgquea08lje9d8;
2023-10-12 00:11:54.788  INFO 21480 --- [restartedMain] p6spy                                    : #1697037114788 | took 40ms | statement | connection 8| url jdbc:mysql://localhost:3306/aliendb?useSSL=false&useUnicode=true&allowPublicKeyRetrieval=true
alter table market_bookmark_entity drop foreign key FKnotcahgkldjorfhqihi8mkcvq
alter table market_bookmark_entity drop foreign key FKnotcahgkldjorfhqihi8mkcvq;
2023-10-12 00:11:54.825  INFO 21480 --- [restartedMain] p6spy                                    : #1697037114825 | took 36ms | statement | connection 8| url jdbc:mysql://localhost:3306/aliendb?useSSL=false&useUnicode=true&allowPublicKeyRetrieval=true
alter table notice_entity drop foreign key FKlb2woqnlfyd1ad6dy3i40726f
alter table notice_entity drop foreign key FKlb2woqnlfyd1ad6dy3i40726f;
2023-10-12 00:11:54.854  INFO 21480 --- [restartedMain] p6spy                                    : #1697037114854 | took 28ms | statement | connection 8| url jdbc:mysql://localhost:3306/aliendb?useSSL=false&useUnicode=true&allowPublicKeyRetrieval=true
alter table product_image_entity drop foreign key FKn8h9f0ajkryqnvycfe96im67t
alter table product_image_entity drop foreign key FKn8h9f0ajkryqnvycfe96im67t;
2023-10-12 00:11:54.904  INFO 21480 --- [restartedMain] p6spy                                    : #1697037114904 | took 49ms | statement | connection 8| url jdbc:mysql://localhost:3306/aliendb?useSSL=false&useUnicode=true&allowPublicKeyRetrieval=true
drop table if exists community_article_comment_entity
drop table if exists community_article_comment_entity;
2023-10-12 00:11:54.946  INFO 21480 --- [restartedMain] p6spy                                    : #1697037114946 | took 41ms | statement | connection 8| url jdbc:mysql://localhost:3306/aliendb?useSSL=false&useUnicode=true&allowPublicKeyRetrieval=true
drop table if exists community_article_entity
drop table if exists community_article_entity;
2023-10-12 00:11:54.991  INFO 21480 --- [restartedMain] p6spy                                    : #1697037114991 | took 44ms | statement | connection 8| url jdbc:mysql://localhost:3306/aliendb?useSSL=false&useUnicode=true&allowPublicKeyRetrieval=true
drop table if exists community_article_image_entity
drop table if exists community_article_image_entity;
2023-10-12 00:11:55.036  INFO 21480 --- [restartedMain] p6spy                                    : #1697037115036 | took 44ms | statement | connection 8| url jdbc:mysql://localhost:3306/aliendb?useSSL=false&useUnicode=true&allowPublicKeyRetrieval=true
drop table if exists community_article_like_entity
drop table if exists community_article_like_entity;
2023-10-12 00:11:55.069  INFO 21480 --- [restartedMain] p6spy                                    : #1697037115069 | took 32ms | statement | connection 8| url jdbc:mysql://localhost:3306/aliendb?useSSL=false&useUnicode=true&allowPublicKeyRetrieval=true
drop table if exists market_article_comment_entity
drop table if exists market_article_comment_entity;
2023-10-12 00:11:55.108  INFO 21480 --- [restartedMain] p6spy                                    : #1697037115108 | took 38ms | statement | connection 8| url jdbc:mysql://localhost:3306/aliendb?useSSL=false&useUnicode=true&allowPublicKeyRetrieval=true
drop table if exists market_article_entity
drop table if exists market_article_entity;
2023-10-12 00:11:55.146  INFO 21480 --- [restartedMain] p6spy                                    : #1697037115146 | took 38ms | statement | connection 8| url jdbc:mysql://localhost:3306/aliendb?useSSL=false&useUnicode=true&allowPublicKeyRetrieval=true
drop table if exists market_bookmark_entity
drop table if exists market_bookmark_entity;
2023-10-12 00:11:55.187  INFO 21480 --- [restartedMain] p6spy                                    : #1697037115187 | took 39ms | statement | connection 8| url jdbc:mysql://localhost:3306/aliendb?useSSL=false&useUnicode=true&allowPublicKeyRetrieval=true
drop table if exists member_entity
drop table if exists member_entity;
2023-10-12 00:11:55.224  INFO 21480 --- [restartedMain] p6spy                                    : #1697037115224 | took 36ms | statement | connection 8| url jdbc:mysql://localhost:3306/aliendb?useSSL=false&useUnicode=true&allowPublicKeyRetrieval=true
drop table if exists notice_entity
drop table if exists notice_entity;
2023-10-12 00:11:55.266  INFO 21480 --- [restartedMain] p6spy                                    : #1697037115266 | took 41ms | statement | connection 8| url jdbc:mysql://localhost:3306/aliendb?useSSL=false&useUnicode=true&allowPublicKeyRetrieval=true
drop table if exists product_image_entity
drop table if exists product_image_entity;
2023-10-12 00:11:55.340  INFO 21480 --- [restartedMain] p6spy                                    : #1697037115340 | took 73ms | statement | connection 9| url jdbc:mysql://localhost:3306/aliendb?useSSL=false&useUnicode=true&allowPublicKeyRetrieval=true
create table applicant (id bigint not null auto_increment, created_at datetime(6) not null, first_prefer_language varchar(255), is_matched varchar(255), second_prefer_language varchar(255), member_id bigint not null, primary key (id)) engine=InnoDB
create table applicant (id bigint not null auto_increment, created_at datetime(6) not null, first_prefer_language varchar(255), is_matched varchar(255), second_prefer_language varchar(255), member_id bigint not null, primary key (id)) engine=InnoDB;
2023-10-12 00:11:55.415  INFO 21480 --- [restartedMain] p6spy                                    : #1697037115415 | took 73ms | statement | connection 9| url jdbc:mysql://localhost:3306/aliendb?useSSL=false&useUnicode=true&allowPublicKeyRetrieval=true
create table authority (id bigint not null auto_increment, created_at datetime(6) not null, role varchar(255), member_id bigint, primary key (id)) engine=InnoDB
create table authority (id bigint not null auto_increment, created_at datetime(6) not null, role varchar(255), member_id bigint, primary key (id)) engine=InnoDB;
2023-10-12 00:11:55.489  INFO 21480 --- [restartedMain] p6spy                                    : #1697037115489 | took 73ms | statement | connection 9| url jdbc:mysql://localhost:3306/aliendb?useSSL=false&useUnicode=true&allowPublicKeyRetrieval=true
create table block (id bigint not null auto_increment, created_at datetime(6) not null, blocked_member_id bigint not null, blocking_member_id bigint not null, primary key (id)) engine=InnoDB
create table block (id bigint not null auto_increment, created_at datetime(6) not null, blocked_member_id bigint not null, blocking_member_id bigint not null, primary key (id)) engine=InnoDB;
2023-10-12 00:11:55.564  INFO 21480 --- [restartedMain] p6spy                                    : #1697037115564 | took 74ms | statement | connection 9| url jdbc:mysql://localhost:3306/aliendb?useSSL=false&useUnicode=true&allowPublicKeyRetrieval=true
create table chattingroom (id bigint not null auto_increment, created_at datetime(6) not null, status varchar(45) not null, primary key (id)) engine=InnoDB
create table chattingroom (id bigint not null auto_increment, created_at datetime(6) not null, status varchar(45) not null, primary key (id)) engine=InnoDB;
2023-10-12 00:11:55.644  INFO 21480 --- [restartedMain] p6spy                                    : #1697037115644 | took 79ms | statement | connection 9| url jdbc:mysql://localhost:3306/aliendb?useSSL=false&useUnicode=true&allowPublicKeyRetrieval=true
create table email_authentication (id varchar(50) not null, created_at datetime(6) not null, email varchar(45) not null, expiration_at datetime(6) not null, status varchar(45) not null, primary key (id)) engine=InnoDB
create table email_authentication (id varchar(50) not null, created_at datetime(6) not null, email varchar(45) not null, expiration_at datetime(6) not null, status varchar(45) not null, primary key (id)) engine=InnoDB;
2023-10-12 00:11:55.720  INFO 21480 --- [restartedMain] p6spy                                    : #1697037115720 | took 75ms | statement | connection 9| url jdbc:mysql://localhost:3306/aliendb?useSSL=false&useUnicode=true&allowPublicKeyRetrieval=true
create table matching (id bigint not null auto_increment, created_at datetime(6) not null, matching_date datetime(6), chattingroom_id bigint not null, matched_member_id bigint not null, maching_member_id bigint not null, primary key (id)) engine=InnoDB
create table matching (id bigint not null auto_increment, created_at datetime(6) not null, matching_date datetime(6), chattingroom_id bigint not null, matched_member_id bigint not null, maching_member_id bigint not null, primary key (id)) engine=InnoDB;
2023-10-12 00:11:55.806  INFO 21480 --- [restartedMain] p6spy                                    : #1697037115806 | took 84ms | statement | connection 9| url jdbc:mysql://localhost:3306/aliendb?useSSL=false&useUnicode=true&allowPublicKeyRetrieval=true
create table personal_notice (id bigint not null auto_increment, created_at datetime(6) not null, article_category integer not null, article_url varchar(255), comment varchar(500), is_read bit, notice_type varchar(45) not null, receiver_id bigint, sender_id bigint, primary key (id)) engine=InnoDB
create table personal_notice (id bigint not null auto_increment, created_at datetime(6) not null, article_category integer not null, article_url varchar(255), comment varchar(500), is_read bit, notice_type varchar(45) not null, receiver_id bigint, sender_id bigint, primary key (id)) engine=InnoDB;
2023-10-12 00:11:55.881  INFO 21480 --- [restartedMain] p6spy                                    : #1697037115881 | took 74ms | statement | connection 9| url jdbc:mysql://localhost:3306/aliendb?useSSL=false&useUnicode=true&allowPublicKeyRetrieval=true
create table report (id bigint not null auto_increment, created_at datetime(6) not null, category varchar(255) not null, content varchar(255) not null, reported_member_id bigint not null, reporting_member_id bigint not null, primary key (id)) engine=InnoDB
create table report (id bigint not null auto_increment, created_at datetime(6) not null, category varchar(255) not null, content varchar(255) not null, reported_member_id bigint not null, reporting_member_id bigint not null, primary key (id)) engine=InnoDB;
2023-10-12 00:11:55.954  INFO 21480 --- [restartedMain] p6spy                                    : #1697037115954 | took 72ms | statement | connection 9| url jdbc:mysql://localhost:3306/aliendb?useSSL=false&useUnicode=true&allowPublicKeyRetrieval=true
create table community_article_comment_entity (id bigint not null auto_increment, created_at datetime(6) not null, content varchar(500) not null, parent_comment_id bigint, status varchar(50) not null, type varchar(50) not null, community_article_id bigint, member_id bigint, primary key (id)) engine=InnoDB
create table community_article_comment_entity (id bigint not null auto_increment, created_at datetime(6) not null, content varchar(500) not null, parent_comment_id bigint, status varchar(50) not null, type varchar(50) not null, community_article_id bigint, member_id bigint, primary key (id)) engine=InnoDB;
2023-10-12 00:11:56.042  INFO 21480 --- [restartedMain] p6spy                                    : #1697037116042 | took 87ms | statement | connection 9| url jdbc:mysql://localhost:3306/aliendb?useSSL=false&useUnicode=true&allowPublicKeyRetrieval=true
create table community_article_entity (id bigint not null auto_increment, created_at datetime(6) not null, category varchar(50) not null, content varchar(10000) not null, title varchar(100) not null, member_id bigint, primary key (id)) engine=InnoDB
create table community_article_entity (id bigint not null auto_increment, created_at datetime(6) not null, category varchar(50) not null, content varchar(10000) not null, title varchar(100) not null, member_id bigint, primary key (id)) engine=InnoDB;
2023-10-12 00:11:56.142  INFO 21480 --- [restartedMain] p6spy                                    : #1697037116142 | took 99ms | statement | connection 9| url jdbc:mysql://localhost:3306/aliendb?useSSL=false&useUnicode=true&allowPublicKeyRetrieval=true
create table community_article_image_entity (id bigint not null auto_increment, created_at datetime(6) not null, image_url varchar(1000) not null, community_article_id bigint, primary key (id)) engine=InnoDB
create table community_article_image_entity (id bigint not null auto_increment, created_at datetime(6) not null, image_url varchar(1000) not null, community_article_id bigint, primary key (id)) engine=InnoDB;
2023-10-12 00:11:56.222  INFO 21480 --- [restartedMain] p6spy                                    : #1697037116222 | took 80ms | statement | connection 9| url jdbc:mysql://localhost:3306/aliendb?useSSL=false&useUnicode=true&allowPublicKeyRetrieval=true
create table community_article_like_entity (id bigint not null auto_increment, created_at datetime(6) not null, community_article_id bigint, member_entity_id bigint, primary key (id)) engine=InnoDB
create table community_article_like_entity (id bigint not null auto_increment, created_at datetime(6) not null, community_article_id bigint, member_entity_id bigint, primary key (id)) engine=InnoDB;
2023-10-12 00:11:56.310  INFO 21480 --- [restartedMain] p6spy                                    : #1697037116310 | took 86ms | statement | connection 9| url jdbc:mysql://localhost:3306/aliendb?useSSL=false&useUnicode=true&allowPublicKeyRetrieval=true
create table market_article_comment_entity (id bigint not null auto_increment, created_at datetime(6) not null, content varchar(500) not null, parent_comment_id bigint, status varchar(50) not null, type varchar(50) not null, market_article_id bigint, member_id bigint, primary key (id)) engine=InnoDB
create table market_article_comment_entity (id bigint not null auto_increment, created_at datetime(6) not null, content varchar(500) not null, parent_comment_id bigint, status varchar(50) not null, type varchar(50) not null, market_article_id bigint, member_id bigint, primary key (id)) engine=InnoDB;
2023-10-12 00:11:56.395  INFO 21480 --- [restartedMain] p6spy                                    : #1697037116395 | took 83ms | statement | connection 9| url jdbc:mysql://localhost:3306/aliendb?useSSL=false&useUnicode=true&allowPublicKeyRetrieval=true
create table market_article_entity (id bigint not null auto_increment, created_at datetime(6) not null, content varchar(10000) not null, market_article_status varchar(50) not null, price integer not null, product_status varchar(50) not null, title varchar(100) not null, member_id bigint, primary key (id)) engine=InnoDB
create table market_article_entity (id bigint not null auto_increment, created_at datetime(6) not null, content varchar(10000) not null, market_article_status varchar(50) not null, price integer not null, product_status varchar(50) not null, title varchar(100) not null, member_id bigint, primary key (id)) engine=InnoDB;
2023-10-12 00:11:56.472  INFO 21480 --- [restartedMain] p6spy                                    : #1697037116472 | took 76ms | statement | connection 9| url jdbc:mysql://localhost:3306/aliendb?useSSL=false&useUnicode=true&allowPublicKeyRetrieval=true
create table market_bookmark_entity (id bigint not null auto_increment, created_at datetime(6) not null, market_article_id bigint, member_entity_id bigint, primary key (id)) engine=InnoDB
create table market_bookmark_entity (id bigint not null auto_increment, created_at datetime(6) not null, market_article_id bigint, member_entity_id bigint, primary key (id)) engine=InnoDB;
2023-10-12 00:11:56.589  INFO 21480 --- [restartedMain] p6spy                                    : #1697037116589 | took 116ms | statement | connection 9| url jdbc:mysql://localhost:3306/aliendb?useSSL=false&useUnicode=true&allowPublicKeyRetrieval=true
create table member_entity (id bigint not null auto_increment, created_at datetime(6) not null, birthday varchar(255) not null, email varchar(45) not null, gender varchar(45) not null, mbti varchar(45) not null, name varchar(45) not null, nationality varchar(255), notification_status tinyint not null, password varchar(255) not null, profile_image_url varchar(255) not null, self_introduction varchar(255) not null, status varchar(45) not null, withdrawal_at datetime(6), primary key (id)) engine=InnoDB
create table member_entity (id bigint not null auto_increment, created_at datetime(6) not null, birthday varchar(255) not null, email varchar(45) not null, gender varchar(45) not null, mbti varchar(45) not null, name varchar(45) not null, nationality varchar(255), notification_status tinyint not null, password varchar(255) not null, profile_image_url varchar(255) not null, self_introduction varchar(255) not null, status varchar(45) not null, withdrawal_at datetime(6), primary key (id)) engine=InnoDB;
2023-10-12 00:11:56.731  INFO 21480 --- [restartedMain] p6spy                                    : #1697037116731 | took 140ms | statement | connection 9| url jdbc:mysql://localhost:3306/aliendb?useSSL=false&useUnicode=true&allowPublicKeyRetrieval=true
create table notice_entity (id bigint not null auto_increment, created_at datetime(6) not null, content varchar(10000) not null, title varchar(100) not null, member_id bigint, primary key (id)) engine=InnoDB
create table notice_entity (id bigint not null auto_increment, created_at datetime(6) not null, content varchar(10000) not null, title varchar(100) not null, member_id bigint, primary key (id)) engine=InnoDB;
2023-10-12 00:11:56.824  INFO 21480 --- [restartedMain] p6spy                                    : #1697037116824 | took 93ms | statement | connection 9| url jdbc:mysql://localhost:3306/aliendb?useSSL=false&useUnicode=true&allowPublicKeyRetrieval=true
create table product_image_entity (id bigint not null auto_increment, created_at datetime(6) not null, image_url varchar(1000) not null, market_article_id bigint, primary key (id)) engine=InnoDB
create table product_image_entity (id bigint not null auto_increment, created_at datetime(6) not null, image_url varchar(1000) not null, market_article_id bigint, primary key (id)) engine=InnoDB;
2023-10-12 00:11:57.128  INFO 21480 --- [restartedMain] p6spy                                    : #1697037117128 | took 302ms | statement | connection 9| url jdbc:mysql://localhost:3306/aliendb?useSSL=false&useUnicode=true&allowPublicKeyRetrieval=true
alter table applicant add constraint FKqeim8oq0mts87nbhi9i2umkg6 foreign key (member_id) references member_entity (id)
alter table applicant add constraint FKqeim8oq0mts87nbhi9i2umkg6 foreign key (member_id) references member_entity (id);
2023-10-12 00:11:57.539  INFO 21480 --- [restartedMain] p6spy                                    : #1697037117539 | took 410ms | statement | connection 9| url jdbc:mysql://localhost:3306/aliendb?useSSL=false&useUnicode=true&allowPublicKeyRetrieval=true
alter table authority add constraint FKa17if8755crmkcpbjstk5hfml foreign key (member_id) references member_entity (id)
alter table authority add constraint FKa17if8755crmkcpbjstk5hfml foreign key (member_id) references member_entity (id);
2023-10-12 00:11:57.744  INFO 21480 --- [restartedMain] p6spy                                    : #1697037117742 | took 204ms | statement | connection 9| url jdbc:mysql://localhost:3306/aliendb?useSSL=false&useUnicode=true&allowPublicKeyRetrieval=true
alter table block add constraint FKhgk67d5tiu0ksjnvkrbp9hksg foreign key (blocked_member_id) references member_entity (id)
alter table block add constraint FKhgk67d5tiu0ksjnvkrbp9hksg foreign key (blocked_member_id) references member_entity (id);
2023-10-12 00:11:57.960  INFO 21480 --- [restartedMain] p6spy                                    : #1697037117960 | took 215ms | statement | connection 9| url jdbc:mysql://localhost:3306/aliendb?useSSL=false&useUnicode=true&allowPublicKeyRetrieval=true
alter table block add constraint FK7g57rvfjvw29l5fr9t2679603 foreign key (blocking_member_id) references member_entity (id)
alter table block add constraint FK7g57rvfjvw29l5fr9t2679603 foreign key (blocking_member_id) references member_entity (id);
2023-10-12 00:11:58.163  INFO 21480 --- [restartedMain] p6spy                                    : #1697037118163 | took 201ms | statement | connection 9| url jdbc:mysql://localhost:3306/aliendb?useSSL=false&useUnicode=true&allowPublicKeyRetrieval=true
alter table matching add constraint FKa8odxy2of0rmi4tp57k3djmpu foreign key (chattingroom_id) references chattingroom (id)
alter table matching add constraint FKa8odxy2of0rmi4tp57k3djmpu foreign key (chattingroom_id) references chattingroom (id);
2023-10-12 00:11:58.400  INFO 21480 --- [restartedMain] p6spy                                    : #1697037118400 | took 236ms | statement | connection 9| url jdbc:mysql://localhost:3306/aliendb?useSSL=false&useUnicode=true&allowPublicKeyRetrieval=true
alter table matching add constraint FK6e01niyjqyiv0d6kkxi0gsb50 foreign key (matched_member_id) references member_entity (id)
alter table matching add constraint FK6e01niyjqyiv0d6kkxi0gsb50 foreign key (matched_member_id) references member_entity (id);
2023-10-12 00:11:58.628  INFO 21480 --- [restartedMain] p6spy                                    : #1697037118628 | took 227ms | statement | connection 9| url jdbc:mysql://localhost:3306/aliendb?useSSL=false&useUnicode=true&allowPublicKeyRetrieval=true
alter table matching add constraint FKaydhxqn19jhkcxegwyfy7gagj foreign key (maching_member_id) references member_entity (id)
alter table matching add constraint FKaydhxqn19jhkcxegwyfy7gagj foreign key (maching_member_id) references member_entity (id);
2023-10-12 00:11:58.869  INFO 21480 --- [restartedMain] p6spy                                    : #1697037118869 | took 240ms | statement | connection 9| url jdbc:mysql://localhost:3306/aliendb?useSSL=false&useUnicode=true&allowPublicKeyRetrieval=true
alter table personal_notice add constraint FKk5ksptcucj6qwei7iwlp1d2n8 foreign key (receiver_id) references member_entity (id)
alter table personal_notice add constraint FKk5ksptcucj6qwei7iwlp1d2n8 foreign key (receiver_id) references member_entity (id);
2023-10-12 00:11:59.099  INFO 21480 --- [restartedMain] p6spy                                    : #1697037119099 | took 229ms | statement | connection 9| url jdbc:mysql://localhost:3306/aliendb?useSSL=false&useUnicode=true&allowPublicKeyRetrieval=true
alter table personal_notice add constraint FKavh4uf7t35u4bomntcs5ae2ft foreign key (sender_id) references member_entity (id)
alter table personal_notice add constraint FKavh4uf7t35u4bomntcs5ae2ft foreign key (sender_id) references member_entity (id);
2023-10-12 00:11:59.298  INFO 21480 --- [restartedMain] p6spy                                    : #1697037119298 | took 198ms | statement | connection 9| url jdbc:mysql://localhost:3306/aliendb?useSSL=false&useUnicode=true&allowPublicKeyRetrieval=true
alter table report add constraint FKc08f9xbecataichcof9fyet9o foreign key (reported_member_id) references member_entity (id)
alter table report add constraint FKc08f9xbecataichcof9fyet9o foreign key (reported_member_id) references member_entity (id);
2023-10-12 00:11:59.551  INFO 21480 --- [restartedMain] p6spy                                    : #1697037119551 | took 252ms | statement | connection 9| url jdbc:mysql://localhost:3306/aliendb?useSSL=false&useUnicode=true&allowPublicKeyRetrieval=true
alter table report add constraint FKirtsfmah94wrah2xhia76s3qh foreign key (reporting_member_id) references member_entity (id)
alter table report add constraint FKirtsfmah94wrah2xhia76s3qh foreign key (reporting_member_id) references member_entity (id);
2023-10-12 00:11:59.866  INFO 21480 --- [restartedMain] p6spy                                    : #1697037119866 | took 314ms | statement | connection 9| url jdbc:mysql://localhost:3306/aliendb?useSSL=false&useUnicode=true&allowPublicKeyRetrieval=true
alter table community_article_comment_entity add constraint FKq9lecfowa0ambqh2rujlyrq7r foreign key (community_article_id) references community_article_entity (id)
alter table community_article_comment_entity add constraint FKq9lecfowa0ambqh2rujlyrq7r foreign key (community_article_id) references community_article_entity (id);
2023-10-12 00:12:00.836  INFO 21480 --- [restartedMain] p6spy                                    : #1697037120836 | took 969ms | statement | connection 9| url jdbc:mysql://localhost:3306/aliendb?useSSL=false&useUnicode=true&allowPublicKeyRetrieval=true
alter table community_article_comment_entity add constraint FK8wlows756cenl2iad5gotw7q7 foreign key (member_id) references member_entity (id)
alter table community_article_comment_entity add constraint FK8wlows756cenl2iad5gotw7q7 foreign key (member_id) references member_entity (id);
2023-10-12 00:12:01.347  INFO 21480 --- [restartedMain] p6spy                                    : #1697037121347 | took 510ms | statement | connection 9| url jdbc:mysql://localhost:3306/aliendb?useSSL=false&useUnicode=true&allowPublicKeyRetrieval=true
alter table community_article_entity add constraint FKfwilok8nk4fnpa1ac9nu2a871 foreign key (member_id) references member_entity (id)
alter table community_article_entity add constraint FKfwilok8nk4fnpa1ac9nu2a871 foreign key (member_id) references member_entity (id);
2023-10-12 00:12:02.140  INFO 21480 --- [restartedMain] p6spy                                    : #1697037122140 | took 792ms | statement | connection 9| url jdbc:mysql://localhost:3306/aliendb?useSSL=false&useUnicode=true&allowPublicKeyRetrieval=true
alter table community_article_image_entity add constraint FKndbpkv6i1jjytnxip3kt9qnnp foreign key (community_article_id) references community_article_entity (id)
alter table community_article_image_entity add constraint FKndbpkv6i1jjytnxip3kt9qnnp foreign key (community_article_id) references community_article_entity (id);
2023-10-12 00:12:03.144  INFO 21480 --- [restartedMain] p6spy                                    : #1697037123144 | took 1003ms | statement | connection 9| url jdbc:mysql://localhost:3306/aliendb?useSSL=false&useUnicode=true&allowPublicKeyRetrieval=true
alter table community_article_like_entity add constraint FKch6jqk7h5b01154xd6huds48b foreign key (community_article_id) references community_article_entity (id)
alter table community_article_like_entity add constraint FKch6jqk7h5b01154xd6huds48b foreign key (community_article_id) references community_article_entity (id);
2023-10-12 00:12:03.552  INFO 21480 --- [restartedMain] p6spy                                    : #1697037123552 | took 408ms | statement | connection 9| url jdbc:mysql://localhost:3306/aliendb?useSSL=false&useUnicode=true&allowPublicKeyRetrieval=true
alter table community_article_like_entity add constraint FKbu2y4m89tpuvn2pgdammy3nac foreign key (member_entity_id) references member_entity (id)
alter table community_article_like_entity add constraint FKbu2y4m89tpuvn2pgdammy3nac foreign key (member_entity_id) references member_entity (id);
2023-10-12 00:12:03.869  INFO 21480 --- [restartedMain] p6spy                                    : #1697037123869 | took 315ms | statement | connection 9| url jdbc:mysql://localhost:3306/aliendb?useSSL=false&useUnicode=true&allowPublicKeyRetrieval=true
alter table market_article_comment_entity add constraint FKaeo095l84dxhh39jtb0yipl5j foreign key (market_article_id) references market_article_entity (id)
alter table market_article_comment_entity add constraint FKaeo095l84dxhh39jtb0yipl5j foreign key (market_article_id) references market_article_entity (id);
2023-10-12 00:12:04.739  INFO 21480 --- [restartedMain] p6spy                                    : #1697037124739 | took 870ms | statement | connection 9| url jdbc:mysql://localhost:3306/aliendb?useSSL=false&useUnicode=true&allowPublicKeyRetrieval=true
alter table market_article_comment_entity add constraint FKbuskggw9y9fikkln8xmvyrimu foreign key (member_id) references member_entity (id)
alter table market_article_comment_entity add constraint FKbuskggw9y9fikkln8xmvyrimu foreign key (member_id) references member_entity (id);
2023-10-12 00:12:05.161  INFO 21480 --- [restartedMain] p6spy                                    : #1697037125161 | took 421ms | statement | connection 9| url jdbc:mysql://localhost:3306/aliendb?useSSL=false&useUnicode=true&allowPublicKeyRetrieval=true
alter table market_article_entity add constraint FK1c94h9so8ma8spoqwa1fp28f5 foreign key (member_id) references member_entity (id)
alter table market_article_entity add constraint FK1c94h9so8ma8spoqwa1fp28f5 foreign key (member_id) references member_entity (id);
2023-10-12 00:12:05.654  INFO 21480 --- [restartedMain] p6spy                                    : #1697037125654 | took 491ms | statement | connection 9| url jdbc:mysql://localhost:3306/aliendb?useSSL=false&useUnicode=true&allowPublicKeyRetrieval=true
alter table market_bookmark_entity add constraint FK2reeuk6iv6rhgquea08lje9d8 foreign key (market_article_id) references market_article_entity (id)
alter table market_bookmark_entity add constraint FK2reeuk6iv6rhgquea08lje9d8 foreign key (market_article_id) references market_article_entity (id);
2023-10-12 00:12:06.562  INFO 21480 --- [restartedMain] p6spy                                    : #1697037126562 | took 907ms | statement | connection 9| url jdbc:mysql://localhost:3306/aliendb?useSSL=false&useUnicode=true&allowPublicKeyRetrieval=true
alter table market_bookmark_entity add constraint FKnotcahgkldjorfhqihi8mkcvq foreign key (member_entity_id) references member_entity (id)
alter table market_bookmark_entity add constraint FKnotcahgkldjorfhqihi8mkcvq foreign key (member_entity_id) references member_entity (id);
2023-10-12 00:12:07.034  INFO 21480 --- [restartedMain] p6spy                                    : #1697037127034 | took 470ms | statement | connection 9| url jdbc:mysql://localhost:3306/aliendb?useSSL=false&useUnicode=true&allowPublicKeyRetrieval=true
alter table notice_entity add constraint FKlb2woqnlfyd1ad6dy3i40726f foreign key (member_id) references member_entity (id)
alter table notice_entity add constraint FKlb2woqnlfyd1ad6dy3i40726f foreign key (member_id) references member_entity (id);
2023-10-12 00:12:07.236  INFO 21480 --- [restartedMain] p6spy                                    : #1697037127236 | took 201ms | statement | connection 9| url jdbc:mysql://localhost:3306/aliendb?useSSL=false&useUnicode=true&allowPublicKeyRetrieval=true
alter table product_image_entity add constraint FKn8h9f0ajkryqnvycfe96im67t foreign key (market_article_id) references market_article_entity (id)
alter table product_image_entity add constraint FKn8h9f0ajkryqnvycfe96im67t foreign key (market_article_id) references market_article_entity (id);
2023-10-12 00:12:07.239  INFO 21480 --- [restartedMain] o.h.e.t.j.p.i.JtaPlatformInitiator       : HHH000490: Using JtaPlatform implementation: [org.hibernate.engine.transaction.jta.platform.internal.NoJtaPlatform]
2023-10-12 00:12:07.240  INFO 21480 --- [restartedMain] j.LocalContainerEntityManagerFactoryBean : Initialized JPA EntityManagerFactory for persistence unit 'default'
2023-10-12 00:12:07.483  INFO 21480 --- [restartedMain] org.mongodb.driver.client                : MongoClient with metadata {"driver": {"name": "mongo-java-driver|sync|spring-boot", "version": "4.6.1"}, "os": {"type": "Windows", "name": "Windows 10", "architecture": "amd64", "version": "10.0"}, "platform": "Java/Oracle Corporation/11.0.10+8-LTS-162"} created with settings MongoClientSettings{readPreference=primary, writeConcern=WriteConcern{w=null, wTimeout=null ms, journal=null}, retryWrites=true, retryReads=true, readConcern=ReadConcern{level=null}, credential=MongoCredential{mechanism=null, userName='4aliens', source='chatdb', password=<hidden>, mechanismProperties=<hidden>}, streamFactoryFactory=null, commandListeners=[io.micrometer.core.instrument.binder.mongodb.MongoMetricsCommandListener@59782829], codecRegistry=ProvidersCodecRegistry{codecProviders=[ValueCodecProvider{}, BsonValueCodecProvider{}, DBRefCodecProvider{}, DBObjectCodecProvider{}, DocumentCodecProvider{}, IterableCodecProvider{}, MapCodecProvider{}, GeoJsonCodecProvider{}, GridFSFileCodecProvider{}, Jsr310CodecProvider{}, JsonObjectCodecProvider{}, BsonCodecProvider{}, EnumCodecProvider{}, com.mongodb.Jep395RecordCodecProvider@1b7016fe]}, clusterSettings={hosts=[3.34.2.246:27017], srvServiceName=mongodb, mode=SINGLE, requiredClusterType=UNKNOWN, requiredReplicaSetName='null', serverSelector='null', clusterListeners='[]', serverSelectionTimeout='30000 ms', localThreshold='30000 ms'}, socketSettings=SocketSettings{connectTimeoutMS=10000, readTimeoutMS=0, receiveBufferSize=0, sendBufferSize=0}, heartbeatSocketSettings=SocketSettings{connectTimeoutMS=10000, readTimeoutMS=10000, receiveBufferSize=0, sendBufferSize=0}, connectionPoolSettings=ConnectionPoolSettings{maxSize=100, minSize=0, maxWaitTimeMS=120000, maxConnectionLifeTimeMS=0, maxConnectionIdleTimeMS=0, maintenanceInitialDelayMS=0, maintenanceFrequencyMS=60000, connectionPoolListeners=[io.micrometer.core.instrument.binder.mongodb.MongoMetricsConnectionPoolListener@4bef504d], maxConnecting=2}, serverSettings=ServerSettings{heartbeatFrequencyMS=10000, minHeartbeatFrequencyMS=500, serverListeners='[]', serverMonitorListeners='[]'}, sslSettings=SslSettings{enabled=false, invalidHostNameAllowed=false, context=null}, applicationName='null', compressorList=[], uuidRepresentation=JAVA_LEGACY, serverApi=null, autoEncryptionSettings=null, contextProvider=null}
2023-10-12 00:12:07.516  INFO 21480 --- [cluster-rtt-ClusterId{value='6526bb470c6d57305b591e0b', description='null'}-3.34.2.246:27017] org.mongodb.driver.connection            : Opened connection [connectionId{localValue:8, serverValue:6804}] to 3.34.2.246:27017
2023-10-12 00:12:07.517  INFO 21480 --- [cluster-ClusterId{value='6526bb470c6d57305b591e0b', description='null'}-3.34.2.246:27017] org.mongodb.driver.connection            : Opened connection [connectionId{localValue:7, serverValue:6803}] to 3.34.2.246:27017
2023-10-12 00:12:07.520  INFO 21480 --- [cluster-ClusterId{value='6526bb470c6d57305b591e0b', description='null'}-3.34.2.246:27017] org.mongodb.driver.cluster               : Monitor thread successfully connected to server with description ServerDescription{address=3.34.2.246:27017, type=STANDALONE, state=CONNECTED, ok=true, minWireVersion=0, maxWireVersion=17, maxDocumentSize=16777216, logicalSessionTimeoutMinutes=30, roundTripTimeNanos=14528500}
2023-10-12 00:12:07.581  INFO 21480 --- [restartedMain] o.s.b.d.a.OptionalLiveReloadServer       : LiveReload server is running on port 35729
2023-10-12 00:12:08.694  WARN 21480 --- [restartedMain] JpaBaseConfiguration$JpaWebConfiguration : spring.jpa.open-in-view is enabled by default. Therefore, database queries may be performed during view rendering. Explicitly configure spring.jpa.open-in-view to disable this warning
2023-10-12 00:12:09.806  INFO 21480 --- [restartedMain] o.s.s.web.DefaultSecurityFilterChain     : Will secure any request with [org.springframework.security.web.session.DisableEncodeUrlFilter@f22957b, org.springframework.security.web.context.request.async.WebAsyncManagerIntegrationFilter@38d39579, org.springframework.security.web.context.SecurityContextPersistenceFilter@229b7487, org.springframework.security.web.header.HeaderWriterFilter@3ac41855, org.springframework.web.filter.CorsFilter@569d9e91, com.aliens.friendship.domain.auth.filter.JwtAuthenticationFilter@4dc06c25, org.springframework.security.web.savedrequest.RequestCacheAwareFilter@5771e022, org.springframework.security.web.servletapi.SecurityContextHolderAwareRequestFilter@4ded4c29, org.springframework.security.web.authentication.AnonymousAuthenticationFilter@5652b1ab, org.springframework.security.web.session.SessionManagementFilter@73b830c0, org.springframework.security.web.access.ExceptionTranslationFilter@772057e9, org.springframework.security.web.access.intercept.FilterSecurityInterceptor@1c70e6c9]
2023-10-12 00:12:09.807  WARN 21480 --- [restartedMain] o.s.s.c.a.web.builders.WebSecurity       : You are asking Spring Security to ignore Ant [pattern='/h2-console/**']. This is not recommended -- please use permitAll via HttpSecurity#authorizeHttpRequests instead.
2023-10-12 00:12:09.808  INFO 21480 --- [restartedMain] o.s.s.web.DefaultSecurityFilterChain     : Will not secure Ant [pattern='/h2-console/**']
2023-10-12 00:12:09.808  WARN 21480 --- [restartedMain] o.s.s.c.a.web.builders.WebSecurity       : You are asking Spring Security to ignore Ant [pattern='/favicon.ico']. This is not recommended -- please use permitAll via HttpSecurity#authorizeHttpRequests instead.
2023-10-12 00:12:09.808  INFO 21480 --- [restartedMain] o.s.s.web.DefaultSecurityFilterChain     : Will not secure Ant [pattern='/favicon.ico']
2023-10-12 00:12:10.106  INFO 21480 --- [restartedMain] o.s.b.w.embedded.tomcat.TomcatWebServer  : Tomcat started on port(s): 8080 (http) with context path ''
2023-10-12 00:12:10.298  INFO 21480 --- [restartedMain] o.s.b.w.embedded.tomcat.TomcatWebServer  : Tomcat initialized with port(s): 8079 (http)
2023-10-12 00:12:10.298  INFO 21480 --- [restartedMain] o.apache.catalina.core.StandardService   : Starting service [Tomcat]
2023-10-12 00:12:10.300  INFO 21480 --- [restartedMain] org.apache.catalina.core.StandardEngine  : Starting Servlet engine: [Apache Tomcat/9.0.71]
2023-10-12 00:12:10.376  INFO 21480 --- [restartedMain] o.a.c.c.C.[Tomcat-2].[localhost].[/]     : Initializing Spring embedded WebApplicationContext
2023-10-12 00:12:10.376  INFO 21480 --- [restartedMain] w.s.c.ServletWebServerApplicationContext : Root WebApplicationContext: initialization completed in 266 ms
2023-10-12 00:12:10.390  INFO 21480 --- [restartedMain] o.s.b.a.e.web.EndpointLinksResolver      : Exposing 4 endpoint(s) beneath base path '/monitoring'
2023-10-12 00:12:11.125  INFO 21480 --- [restartedMain] o.s.b.w.embedded.tomcat.TomcatWebServer  : Tomcat started on port(s): 8079 (http) with context path ''
2023-10-12 00:12:11.140  INFO 21480 --- [restartedMain] c.a.friendship.FriendshipApplication     : Started FriendshipApplication in 20.793 seconds (JVM running for 962.059)
2023-10-12 00:12:11.144  INFO 21480 --- [restartedMain] .ConditionEvaluationDeltaLoggingListener : Condition evaluation unchanged
2023-10-12 00:33:16.728  INFO 21480 --- [SpringApplicationShutdownHook] j.LocalContainerEntityManagerFactoryBean : Closing JPA EntityManagerFactory for persistence unit 'default'
2023-10-12 00:33:16.731  INFO 21480 --- [SpringApplicationShutdownHook] com.zaxxer.hikari.HikariDataSource       : HikariPool-4 - Shutdown initiated...
2023-10-12 00:33:16.740  INFO 21480 --- [SpringApplicationShutdownHook] com.zaxxer.hikari.HikariDataSource       : HikariPool-4 - Shutdown completed.
